Build started 31/12/2015 13:52:57.
     1>Project "C:\Users\David\Documents\GitHub\SnowBros2D\SDL Game\SDL Game.vcxproj" on node 2 (Build target(s)).
     1>C:\Program Files (x86)\MSBuild\Microsoft.Cpp\v4.0\V120\Microsoft.CppBuild.targets(388,5): warning MSB8028: The intermediate directory (Debug\) contains files shared from another project (SDL Game - Master 1.vcxproj).  This can lead to incorrect clean and rebuild behavior.
     1>ClCompile:
         C:\Program Files (x86)\Microsoft Visual Studio 12.0\VC\bin\CL.exe /c /ZI /nologo /W3 /WX- /sdl- /Od /Oy- /D _MBCS /Gm /EHsc /RTC1 /MDd /GS /fp:precise /Zc:wchar_t /Zc:forScope /Fo"Debug\\" /Fd"Debug\vc120.pdb" /Gd /TP /analyze- /errorReport:prompt Application.cpp ModuleDebug.cpp ModulePlayer.cpp ModuleScene.cpp
         ModuleScene.cpp
         ModulePlayer.cpp
         ModuleDebug.cpp
         Application.cpp
         Generating Code...
       Link:
         C:\Program Files (x86)\Microsoft Visual Studio 12.0\VC\bin\link.exe /ERRORREPORT:PROMPT /OUT:"C:\Users\David\Documents\GitHub\SnowBros2D\SDL Game\Debug\SDLSnowBros.exe" /INCREMENTAL /NOLOGO kernel32.lib user32.lib gdi32.lib winspool.lib comdlg32.lib advapi32.lib shell32.lib ole32.lib oleaut32.lib uuid.lib odbc32.lib odbccp32.lib /MANIFEST /MANIFESTUAC:"level='asInvoker' uiAccess='false'" /manifest:embed /DEBUG /PDB:"C:\Users\David\Documents\GitHub\SnowBros2D\SDL Game\Debug\SDLSnowBros.pdb" /SUBSYSTEM:WINDOWS /TLBID:1 /DYNAMICBASE /NXCOMPAT /IMPLIB:"C:\Users\David\Documents\GitHub\SnowBros2D\SDL Game\Debug\SDLSnowBros.lib" /MACHINE:X86 Debug\Application.obj
         Debug\log.obj
         Debug\Main.obj
         Debug\ModuleBoss.obj
         Debug\ModuleCollision.obj
         Debug\ModuleDebug.obj
         Debug\ModuleFadeToBlack.obj
         Debug\ModuleInput.obj
         Debug\ModuleParticles.obj
         Debug\ModulePlayer.obj
         Debug\ModuleRender.obj
         Debug\ModuleScene.obj
         Debug\ModuleSound.obj
         Debug\ModuleTextures.obj
         Debug\ModuleWindow.obj
         Debug\Timer.obj
         SDL Game.vcxproj -> C:\Users\David\Documents\GitHub\SnowBros2D\SDL Game\Debug\SDLSnowBros.exe
     1>Done Building Project "C:\Users\David\Documents\GitHub\SnowBros2D\SDL Game\SDL Game.vcxproj" (Build target(s)).

Build succeeded.

Time Elapsed 00:00:05.06
